0 info it worked if it ends with ok
1 verbose cli [ 'node',
1 verbose cli   '/usr/local/bin/npm',
1 verbose cli   'install',
1 verbose cli   'npm',
1 verbose cli   '-g',
1 verbose cli   '--ca=null' ]
2 info using npm@1.2.18
3 info using node@v0.10.5
4 verbose read json /usr/local/lib/package.json
5 verbose read json /usr/local/lib/package.json
6 verbose cache add [ 'npm', null ]
7 verbose cache add name=undefined spec="npm" args=["npm",null]
8 verbose parsed url { protocol: null,
8 verbose parsed url   slashes: null,
8 verbose parsed url   auth: null,
8 verbose parsed url   host: null,
8 verbose parsed url   port: null,
8 verbose parsed url   hostname: null,
8 verbose parsed url   hash: null,
8 verbose parsed url   search: null,
8 verbose parsed url   query: null,
8 verbose parsed url   pathname: 'npm',
8 verbose parsed url   path: 'npm',
8 verbose parsed url   href: 'npm' }
9 silly lockFile 660051d1-npm npm
10 verbose lock npm /Users/pete/.npm/660051d1-npm.lock
11 silly lockFile 660051d1-npm npm
12 silly lockFile 660051d1-npm npm
13 verbose addNamed [ 'npm', '' ]
14 verbose addNamed [ null, '' ]
15 silly lockFile 2f990b75-npm npm@
16 verbose lock npm@ /Users/pete/.npm/2f990b75-npm.lock
17 silly addNameRange { name: 'npm', range: '', hasData: false }
18 verbose url raw npm
19 verbose url resolving [ 'https://registry.npmjs.org/', './npm' ]
20 verbose url resolved https://registry.npmjs.org/npm
21 info trying registry request attempt 1 at 17:52:02
22 verbose etag "AODNG5TA575201XSBSB90MI3"
23 http GET https://registry.npmjs.org/npm
24 http 304 https://registry.npmjs.org/npm
25 silly registry.get cb [ 304,
25 silly registry.get   { date: 'Fri, 13 Jun 2014 21:50:26 GMT',
25 silly registry.get     server: 'Apache',
25 silly registry.get     via: '1.1 varnish',
25 silly registry.get     'last-modified': 'Fri, 13 Jun 2014 21:50:26 GMT',
25 silly registry.get     'cache-control': 'max-age=30',
25 silly registry.get     etag: '"AODNG5TA575201XSBSB90MI3"',
25 silly registry.get     'x-served-by': 'cache-jfk1034-JFK',
25 silly registry.get     'x-cache': 'HIT',
25 silly registry.get     'x-cache-hits': '1',
25 silly registry.get     'x-timer': 'S1402696226.888523,VS0,VE5',
25 silly registry.get     vary: 'Accept',
25 silly registry.get     'content-length': '0',
25 silly registry.get     'keep-alive': 'timeout=10, max=50',
25 silly registry.get     connection: 'Keep-Alive' } ]
26 verbose etag npm from cache
27 silly addNameRange number 2 { name: 'npm', range: '', hasData: true }
28 silly addNameRange versions [ 'npm',
28 silly addNameRange   [ '1.1.25',
28 silly addNameRange     '1.2.32',
28 silly addNameRange     '1.3.2',
28 silly addNameRange     '1.3.4',
28 silly addNameRange     '1.2.20',
28 silly addNameRange     '1.2.21',
28 silly addNameRange     '1.2.22',
28 silly addNameRange     '1.2.23',
28 silly addNameRange     '1.2.24',
28 silly addNameRange     '1.2.25',
28 silly addNameRange     '1.2.27',
28 silly addNameRange     '1.2.28',
28 silly addNameRange     '1.2.30',
28 silly addNameRange     '1.2.31',
28 silly addNameRange     '1.3.0',
28 silly addNameRange     '1.3.1',
28 silly addNameRange     '1.2.19',
28 silly addNameRange     '1.1.70',
28 silly addNameRange     '1.1.71',
28 silly addNameRange     '1.3.5',
28 silly addNameRange     '1.3.6',
28 silly addNameRange     '1.3.7',
28 silly addNameRange     '1.3.8',
28 silly addNameRange     '1.3.9',
28 silly addNameRange     '1.3.10',
28 silly addNameRange     '1.3.11',
28 silly addNameRange     '1.3.12',
28 silly addNameRange     '1.3.13',
28 silly addNameRange     '1.3.14',
28 silly addNameRange     '1.3.15',
28 silly addNameRange     '1.3.16',
28 silly addNameRange     '1.3.17',
28 silly addNameRange     '1.3.18',
28 silly addNameRange     '1.3.20',
28 silly addNameRange     '1.3.21',
28 silly addNameRange     '1.3.22',
28 silly addNameRange     '1.3.23',
28 silly addNameRange     '1.3.24',
28 silly addNameRange     '1.3.25',
28 silly addNameRange     '1.3.26',
28 silly addNameRange     '1.4.0',
28 silly addNameRange     '1.4.1',
28 silly addNameRange     '1.4.2',
28 silly addNameRange     '1.4.3',
28 silly addNameRange     '1.4.4',
28 silly addNameRange     '1.4.5',
28 silly addNameRange     '1.4.6',
28 silly addNameRange     '1.4.7',
28 silly addNameRange     '1.4.8',
28 silly addNameRange     '1.4.9',
28 silly addNameRange     '1.4.10',
28 silly addNameRange     '1.4.11',
28 silly addNameRange     '1.4.12',
28 silly addNameRange     '1.4.13',
28 silly addNameRange     '1.4.14',
28 silly addNameRange     '1.4.15' ] ]
29 verbose addNamed [ 'npm', '1.4.15' ]
30 verbose addNamed [ '1.4.15', '1.4.15' ]
31 silly lockFile bdf939e3-npm-1-4-15 npm@1.4.15
32 verbose lock npm@1.4.15 /Users/pete/.npm/bdf939e3-npm-1-4-15.lock
33 silly lockFile be39adba-try-npmjs-org-npm-npm-1-4-15-tgz https://registry.npmjs.org/npm/-/npm-1.4.15.tgz
34 verbose lock https://registry.npmjs.org/npm/-/npm-1.4.15.tgz /Users/pete/.npm/be39adba-try-npmjs-org-npm-npm-1-4-15-tgz.lock
35 verbose addRemoteTarball [ 'https://registry.npmjs.org/npm/-/npm-1.4.15.tgz',
35 verbose addRemoteTarball   'd73918c20d15212c4fc0071ecb5b956806a3eea0' ]
36 info retry fetch attempt 1 at 17:52:02
37 verbose fetch to= /Users/pete/tmp/npm-3153/1402696322938-0.3260905642528087/tmp.tgz
38 http GET https://registry.npmjs.org/npm/-/npm-1.4.15.tgz
39 error fetch failed https://registry.npmjs.org/npm/-/npm-1.4.15.tgz
40 info retry will retry, error on last attempt: Error: SELF_SIGNED_CERT_IN_CHAIN
41 info retry fetch attempt 2 at 17:52:13
42 verbose fetch to= /Users/pete/tmp/npm-3153/1402696322938-0.3260905642528087/tmp.tgz
43 http GET https://registry.npmjs.org/npm/-/npm-1.4.15.tgz
44 error fetch failed https://registry.npmjs.org/npm/-/npm-1.4.15.tgz
45 info retry will retry, error on last attempt: Error: SELF_SIGNED_CERT_IN_CHAIN
46 info retry fetch attempt 3 at 17:53:13
47 verbose fetch to= /Users/pete/tmp/npm-3153/1402696322938-0.3260905642528087/tmp.tgz
48 http GET https://registry.npmjs.org/npm/-/npm-1.4.15.tgz
49 error fetch failed https://registry.npmjs.org/npm/-/npm-1.4.15.tgz
50 silly lockFile be39adba-try-npmjs-org-npm-npm-1-4-15-tgz https://registry.npmjs.org/npm/-/npm-1.4.15.tgz
51 silly lockFile be39adba-try-npmjs-org-npm-npm-1-4-15-tgz https://registry.npmjs.org/npm/-/npm-1.4.15.tgz
52 silly lockFile bdf939e3-npm-1-4-15 npm@1.4.15
53 silly lockFile bdf939e3-npm-1-4-15 npm@1.4.15
54 silly lockFile 2f990b75-npm npm@
55 silly lockFile 2f990b75-npm npm@
56 error Error: SELF_SIGNED_CERT_IN_CHAIN
56 error     at SecurePair.<anonymous> (tls.js:1283:32)
56 error     at SecurePair.EventEmitter.emit (events.js:92:17)
56 error     at SecurePair.maybeInitFinished (tls.js:896:10)
56 error     at CleartextStream.read [as _read] (tls.js:430:15)
56 error     at CleartextStream.Readable.read (_stream_readable.js:304:10)
56 error     at EncryptedStream.write [as _write] (tls.js:344:25)
56 error     at doWrite (_stream_writable.js:211:10)
56 error     at writeOrBuffer (_stream_writable.js:201:5)
56 error     at EncryptedStream.Writable.write (_stream_writable.js:172:11)
56 error     at write (_stream_readable.js:557:24)
56 error     at flow (_stream_readable.js:566:7)
56 error     at Socket.pipeOnReadable (_stream_readable.js:598:5)
57 error If you need help, you may report this log at:
57 error     <http://github.com/isaacs/npm/issues>
57 error or email it to:
57 error     <npm-@googlegroups.com>
58 error System Darwin 13.1.0
59 error command "node" "/usr/local/bin/npm" "install" "npm" "-g" "--ca=null"
60 error cwd /Users/pete/dev/piggyback
61 error node -v v0.10.5
62 error npm -v 1.2.18
63 verbose exit [ 1, true ]
